#
# A fatal error has been detected by the Java Runtime Environment:
#
#  Internal Error (javaClasses.cpp:124), pid=8368, tid=7012
#  fatal error: Invalid layout of preloaded class
#
# JRE version:  (8.0_11-b12) (build )
# Java VM: Java HotSpot(TM) 64-Bit Server VM (25.11-b03 mixed mode windows-amd64 compressed oops)
# Failed to write core dump. Minidumps are not enabled by default on client versions of Windows
#
# If you would like to submit a bug report, please visit:
#   http://bugreport.sun.com/bugreport/crash.jsp
#

---------------  T H R E A D  ---------------

Current thread (0x000000000256e000):  JavaThread "Unknown thread" [_thread_in_vm, id=7012, stack(0x0000000002890000,0x0000000002990000)]

Stack: [0x0000000002890000,0x0000000002990000]
Native frames: (J=compiled Java code, j=interpreted, Vv=VM code, C=native code)
V  [jvm.dll+0x308eca]
V  [jvm.dll+0x25e121]
V  [jvm.dll+0x25ed33]
V  [jvm.dll+0x256686]
V  [jvm.dll+0x5d4cc]
V  [jvm.dll+0x5d5c3]
V  [jvm.dll+0x71efa]
V  [jvm.dll+0x72258]
V  [jvm.dll+0xe1927]
V  [jvm.dll+0xe1cb6]
V  [jvm.dll+0x1f1407]
V  [jvm.dll+0x2229b4]
V  [jvm.dll+0x14a151]
C  [javaw.exe+0x208a]
C  [javaw.exe+0xc9fb]
C  [javaw.exe+0xca8f]
C  [kernel32.dll+0x1652d]
C  [ntdll.dll+0x2c521]


---------------  P R O C E S S  ---------------

Java Threads: ( => current thread )

Other Threads:

=>0x000000000256e000 (exited) JavaThread "Unknown thread" [_thread_in_vm, id=7012, stack(0x0000000002890000,0x0000000002990000)]

VM state:not at safepoint (not fully initialized)

VM Mutex/Monitor currently owned by a thread: None

GC Heap History (0 events):
No events

Deoptimization events (0 events):
No events

Internal exceptions (0 events):
No events

Events (10 events):
Event: 0.208 loading class java/lang/CharSequence done
Event: 0.208 loading class java/lang/String done
Event: 0.208 loading class java/lang/Class
Event: 0.208 loading class java/lang/reflect/AnnotatedElement
Event: 0.208 loading class java/lang/reflect/AnnotatedElement done
Event: 0.208 loading class java/lang/reflect/GenericDeclaration
Event: 0.209 loading class java/lang/reflect/GenericDeclaration done
Event: 0.209 loading class java/lang/reflect/Type
Event: 0.209 loading class java/lang/reflect/Type done
Event: 0.209 loading class java/lang/Class done


Dynamic libraries:
0x000000013f300000 - 0x000000013f334000 	C:\Program Files\Java\jre8\bin\javaw.exe
0x00000000773d0000 - 0x0000000077579000 	C:\Windows\SYSTEM32\ntdll.dll
0x00000000772b0000 - 0x00000000773cf000 	C:\Windows\system32\kernel32.dll
0x000007fefd4d0000 - 0x000007fefd53b000 	C:\Windows\system32\KERNELBASE.dll
0x000007fefdec0000 - 0x000007fefdf9b000 	C:\Windows\system32\ADVAPI32.dll
0x000007fefdfa0000 - 0x000007fefe03f000 	C:\Windows\system32\msvcrt.dll
0x000007fefda60000 - 0x000007fefda7f000 	C:\Windows\SYSTEM32\sechost.dll
0x000007feff380000 - 0x000007feff4ad000 	C:\Windows\system32\RPCRT4.dll
0x00000000771b0000 - 0x00000000772aa000 	C:\Windows\system32\USER32.dll
0x000007fefdbf0000 - 0x000007fefdc57000 	C:\Windows\system32\GDI32.dll
0x000007fefd970000 - 0x000007fefd97e000 	C:\Windows\system32\LPK.dll
0x000007fefe040000 - 0x000007fefe109000 	C:\Windows\system32\USP10.dll
0x000007fefbd60000 - 0x000007fefbf54000 	C:\Windows\WinSxS\amd64_microsoft.windows.common-controls_6595b64144ccf1df_6.0.7601.17514_none_fa396087175ac9ac\COMCTL32.dll
0x000007fefdc60000 - 0x000007fefdcd1000 	C:\Windows\system32\SHLWAPI.dll
0x000007fefda80000 - 0x000007fefdaae000 	C:\Windows\system32\IMM32.DLL
0x000007feff1f0000 - 0x000007feff2f9000 	C:\Windows\system32\MSCTF.dll
0x000007fefd2e0000 - 0x000007fefd312000 	C:\Windows\system32\nvinitx.dll
0x000007fefd2d0000 - 0x000007fefd2dc000 	C:\Windows\system32\VERSION.dll
0x000000000f000000 - 0x000000000f006000 	C:\Program Files\NVIDIA Corporation\CoProcManager\detoured.dll
0x000007fefa450000 - 0x000007fefa482000 	C:\Program Files\NVIDIA Corporation\CoProcManager\nvd3d9wrapx.dll
0x000007fefdce0000 - 0x000007fefdeb7000 	C:\Windows\system32\SETUPAPI.dll
0x000007fefd3d0000 - 0x000007fefd406000 	C:\Windows\system32\CFGMGR32.dll
0x000007fefd980000 - 0x000007fefda57000 	C:\Windows\system32\OLEAUT32.dll
0x000007fefeea0000 - 0x000007feff0a3000 	C:\Windows\system32\ole32.dll
0x000007fefd410000 - 0x000007fefd42a000 	C:\Windows\system32\DEVOBJ.dll
0x000007fefa420000 - 0x000007fefa442000 	C:\Program Files\NVIDIA Corporation\CoProcManager\nvdxgiwrapx.dll
0x000000006d3f0000 - 0x000000006d4c2000 	C:\Program Files\Java\jre8\bin\msvcr100.dll
0x000000006cbc0000 - 0x000000006d3ea000 	C:\Program Files\Java\jre8\bin\server\jvm.dll
0x000007fef49b0000 - 0x000007fef49b9000 	C:\Windows\system32\WSOCK32.dll
0x000007feff690000 - 0x000007feff6dd000 	C:\Windows\system32\WS2_32.dll
0x000007feff1e0000 - 0x000007feff1e8000 	C:\Windows\system32\NSI.dll
0x000007fefa7e0000 - 0x000007fefa81b000 	C:\Windows\system32\WINMM.dll
0x0000000077590000 - 0x0000000077597000 	C:\Windows\system32\PSAPI.DLL
0x0000000073780000 - 0x000000007378f000 	C:\Program Files\Java\jre8\bin\verify.dll
0x00000000734c0000 - 0x00000000734e8000 	C:\Program Files\Java\jre8\bin\java.dll
0x00000000734a0000 - 0x00000000734b6000 	C:\Program Files\Java\jre8\bin\zip.dll
0x000007fef5c80000 - 0x000007fef5da5000 	C:\Windows\system32\dbghelp.dll

VM Arguments:
jvm_args: -Dfile.encoding=GBK -Xbootclasspath:E:\android-sdks\sdk\platforms\android-19\android.jar 
java_command: com.get.fruit.view.citypicker.GsonTest
java_class_path (initial): C:\Users\AUSULEE\git\getFruit\水果君\bin\classes;C:\Users\AUSULEE\git\getFruit\水果君\libs\photoview-library-1.2.2.jar;C:\Users\AUSULEE\git\getFruit\appcompat_v7\libs\android-support-v4.jar;C:\Users\AUSULEE\git\getFruit\水果君\libs\picasso-2.4.0.jar;C:\Users\AUSULEE\git\getFruit\水果君\libs\okhttp-2.4.0.jar;C:\Users\AUSULEE\git\getFruit\水果君\libs\baidumapapi_v3_0_0.jar;C:\Users\AUSULEE\git\getFruit\水果君\libs\BmobSDK_V3.4.3_0820.jar;C:\Users\AUSULEE\git\getFruit\水果君\libs\BmobIM_V1.1.9beta_20150820.jar;C:\Users\AUSULEE\git\getFruit\水果君\libs\gson-2.2.4.jar;C:\Users\AUSULEE\git\getFruit\水果君\libs\universal-image-loader-1.9.2_sources.jar;C:\Users\AUSULEE\git\getFruit\水果君\libs\okio-1.4.0.jar;C:\Users\AUSULEE\git\getFruit\水果君\libs\locSDK_4.2.jar;C:\Users\AUSULEE\git\getFruit\水果君\libs\filechoose.jar;C:\Users\AUSULEE\git\getFruit\水果君\libs\BmobSMS_V1.0.1_20150710.jar;C:\Users\AUSULEE\git\getFruit\appcompat_v7\libs\android-support-v7-appcompat.jar;C:\Users\AUSULEE\git\getFruit\appcompat_v7\bin\android-support-v7-appcompat.jar
Launcher Type: SUN_STANDARD

Environment Variables:
JAVA_HOME=C:\Program Files\Java\jdk1.8.0_11
PATH=E:\桌面\nTrun_V2.1.1\Goto;C:\Program Files (x86)\NVIDIA Corporation\PhysX\Common;C:\Windows\system32;C:\Windows;C:\Windows\System32\Wbem;C:\Windows\System32\WindowsPowerShell\v1.0\;C:\Program Files\Java\jdk1.8.0_11\bin;D:\Python27\;D:\Python27\Scripts;E:\android-sdks\sdk\platform-tools;C:\Program Files\Java\jre8\lib;C:\Windows/system32;C:\Windows;C:\Program Files\MySQL\MySQL Server 5.6\bin;D:\MySQL\bin
USERNAME=Lee
OS=Windows_NT
PROCESSOR_IDENTIFIER=Intel64 Family 6 Model 58 Stepping 9, GenuineIntel



---------------  S Y S T E M  ---------------

OS: Windows 7 , 64 bit Build 7601 Service Pack 1

CPU:total 4 (2 cores per cpu, 2 threads per core) family 6 model 58 stepping 9, cmov, cx8, fxsr, mmx, sse, sse2, sse3, ssse3, sse4.1, sse4.2, popcnt, avx, aes, clmul, erms, ht, tsc, tscinvbit

Memory: 4k page, physical 8271480k(2094636k free), swap 8269636k(1594400k free)

vm_info: Java HotSpot(TM) 64-Bit Server VM (25.11-b03) for windows-amd64 JRE (1.8.0_11-b12), built on Jun 16 2014 20:57:32 by "java_re" with MS VC++ 10.0 (VS2010)

time: Wed Sep 02 21:43:52 2015
elapsed time: 0 seconds

